<?xml version="1.0" encoding="UTF-8"?>
<testng-results skipped="0" failed="1" ignored="0" total="1" passed="0">
  <reporter-output>
    <line>
      <![CDATA[Username:vidya]]>
    </line>
    <line>
      <![CDATA[Password:syntax@10]]>
    </line>
    <line>
      <![CDATA[Room:CVWin19Server.Win2019_TestRoom]]>
    </line>
    <line>
      <![CDATA[Remember me checkbox is selected]]>
    </line>
    <line>
      <![CDATA[Session message is not displayed]]>
    </line>
    <line>
      <![CDATA[To-do list tab is clicked ]]>
    </line>
  </reporter-output>
  <suite name="Suite" duration-ms="49710" started-at="2023-02-26T18:06:32Z" finished-at="2023-02-26T18:07:22Z">
    <groups>
    </groups>
    <test name="ChromeTest" duration-ms="49710" started-at="2023-02-26T18:06:32Z" finished-at="2023-02-26T18:07:22Z">
      <class name="Script.ValidLogin">
        <test-method status="PASS" signature="beforeTest(java.lang.String)[pri:0, instance:Script.ValidLogin@eed359]" name="beforeTest" is-config="true" duration-ms="12112" started-at="2023-02-26T18:06:32Z" finished-at="2023-02-26T18:06:44Z">
          <params>
            <param index="0">
              <value>
                <![CDATA[chrome]]>
              </value>
            </param>
          </params>
          <reporter-output>
          </reporter-output>
        </test-method> <!-- beforeTest -->
        <test-method status="FAIL" signature="testValidLogin()[pri:1, instance:Script.ValidLogin@eed359]" name="testValidLogin" duration-ms="34924" started-at="2023-02-26T18:06:44Z" finished-at="2023-02-26T18:07:19Z">
          <exception class="java.lang.NullPointerException">
            <full-stacktrace>
              <![CDATA[java.lang.NullPointerException
at Pom.ToDoListTab.SetNewItemsAccept(ToDoListTab.java:60)
at Script.ToDoListAccept.testTodoListItems(ToDoListAccept.java:15)
at Script.ValidLogin.testValidLogin(ValidLogin.java:54)
at sun.reflect.NativeMethodAccessorImpl.invoke0(Native Method)
at sun.reflect.NativeMethodAccessorImpl.invoke(NativeMethodAccessorImpl.java:62)
at sun.reflect.DelegatingMethodAccessorImpl.invoke(DelegatingMethodAccessorImpl.java:43)
at java.lang.reflect.Method.invoke(Method.java:498)
at org.testng.internal.MethodInvocationHelper.invokeMethod(MethodInvocationHelper.java:124)
at org.testng.internal.Invoker.invokeMethod(Invoker.java:583)
at org.testng.internal.Invoker.invokeTestMethod(Invoker.java:719)
at org.testng.internal.Invoker.invokeTestMethods(Invoker.java:989)
at org.testng.internal.TestMethodWorker.invokeTestMethods(TestMethodWorker.java:125)
at org.testng.internal.TestMethodWorker.run(TestMethodWorker.java:109)
at org.testng.TestRunner.privateRun(TestRunner.java:648)
at org.testng.TestRunner.run(TestRunner.java:505)
at org.testng.SuiteRunner.runTest(SuiteRunner.java:455)
at org.testng.SuiteRunner.access$000(SuiteRunner.java:40)
at org.testng.SuiteRunner$SuiteWorker.run(SuiteRunner.java:489)
at org.testng.internal.thread.ThreadUtil$1.call(ThreadUtil.java:52)
at java.util.concurrent.FutureTask.run(FutureTask.java:266)
at java.util.concurrent.ThreadPoolExecutor.runWorker(ThreadPoolExecutor.java:1149)
at java.util.concurrent.ThreadPoolExecutor$Worker.run(ThreadPoolExecutor.java:624)
at java.lang.Thread.run(Thread.java:748)
]]>
            </full-stacktrace>
          </exception> <!-- java.lang.NullPointerException -->
          <reporter-output>
            <line>
              <![CDATA[Username:vidya]]>
            </line>
            <line>
              <![CDATA[Password:syntax@10]]>
            </line>
            <line>
              <![CDATA[Room:CVWin19Server.Win2019_TestRoom]]>
            </line>
            <line>
              <![CDATA[Remember me checkbox is selected]]>
            </line>
            <line>
              <![CDATA[Session message is not displayed]]>
            </line>
            <line>
              <![CDATA[To-do list tab is clicked ]]>
            </line>
          </reporter-output>
        </test-method> <!-- testValidLogin -->
        <test-method status="PASS" signature="screenShot(org.testng.ITestResult)[pri:0, instance:Script.ValidLogin@eed359]" name="screenShot" is-config="true" duration-ms="2662" started-at="2023-02-26T18:07:19Z" finished-at="2023-02-26T18:07:22Z">
          <params>
            <param index="0">
              <value>
                <![CDATA[[TestResult name=testValidLogin status=FAILURE method=ValidLogin.testValidLogin()[pri:1, instance:Script.ValidLogin@eed359] output=Username:vidya]]]>
              </value>
            </param>
          </params>
          <reporter-output>
          </reporter-output>
        </test-method> <!-- screenShot -->
      </class> <!-- Script.ValidLogin -->
    </test> <!-- ChromeTest -->
  </suite> <!-- Suite -->
</testng-results>
