<?xml version="1.0" encoding="UTF-8"?>
<!-- Generated by org.testng.reporters.JUnitXMLReporter -->
<testsuite hostname="CIPLWKT014" ignored="0" name="Test2" tests="54" failures="0" timestamp="25 Apr 2024 15:57:35 GMT" time="1858.34" errors="0">
  <testcase name="Tc01_LoginSIDBI" time="49.249" classname="Script.ApproveAndForwardWF"/>
  <testcase name="Tc02_CreateOfficeNoteDynamicWF" time="482.904" classname="Script.ApproveAndForwardWF"/>
  <testcase name="Tc03_EnterOTPDialog" time="9.665" classname="Script.ApproveAndForwardWF"/>
  <testcase name="Tc04_SendToWorkflowDialog" time="32.493" classname="Script.ApproveAndForwardWF"/>
  <testcase name="Tc05_Originator_Logout" time="33.371" classname="Script.ApproveAndForwardWF"/>
  <testcase name="Tc06_Task_User1_Login" time="27.866" classname="Script.ApproveAndForwardWF"/>
  <testcase name="Tc07_User1_ApproveAndForward_Wf" time="23.059" classname="Script.ApproveAndForwardWF"/>
  <testcase name="Tc08_User_1_OTP_Validation" time="21.075" classname="Script.ApproveAndForwardWF"/>
  <testcase name="Tc09_User_1_EnterCommentAndSendDocumentToNextUser" time="13.944" classname="Script.ApproveAndForwardWF"/>
  <testcase name="Tc10_TaskUser_1_LogouthePage" time="33.604" classname="Script.ApproveAndForwardWF"/>
  <testcase name="Tc11_Task_User2_Login" time="26.365" classname="Script.ApproveAndForwardWF"/>
  <testcase name="Tc12_User2_ApproveAndForward_Wf" time="21.923" classname="Script.ApproveAndForwardWF"/>
  <testcase name="Tc13_User_2_OTP_Validation" time="19.16" classname="Script.ApproveAndForwardWF"/>
  <testcase name="Tc14_User_2_EnterCommentAndSendDocumentToNextUser" time="13.955" classname="Script.ApproveAndForwardWF"/>
  <testcase name="Tc15_TaskUser_2_LogouthePage" time="32.704" classname="Script.ApproveAndForwardWF"/>
  <testcase name="Tc16_Task_User3_Login" time="32.727" classname="Script.ApproveAndForwardWF"/>
  <testcase name="Tc17_User3_ApproveAndForward_Wf" time="23.999" classname="Script.ApproveAndForwardWF"/>
  <testcase name="Tc18_User_3_OTP_Validation" time="20.068" classname="Script.ApproveAndForwardWF"/>
  <testcase name="Tc19_User_3_EnterCommentAndSendDocumentToNextUser" time="13.955" classname="Script.ApproveAndForwardWF"/>
  <testcase name="Tc20_TaskUser_3_LogouthePage" time="34.074" classname="Script.ApproveAndForwardWF"/>
  <testcase name="Tc21_Task_User4_Login" time="32.207" classname="Script.ApproveAndForwardWF"/>
  <testcase name="Tc22_User3_ApproveAndForward_Wf" time="25.257" classname="Script.ApproveAndForwardWF"/>
  <testcase name="Tc23_User_4_OTP_Validation" time="25.989" classname="Script.ApproveAndForwardWF"/>
  <testcase name="Tc24_User_4_EnterCommentAndSendDocumentToNextUser" time="13.96" classname="Script.ApproveAndForwardWF"/>
  <testcase name="Tc25_TaskUser_4_LogouthePage" time="32.904" classname="Script.ApproveAndForwardWF"/>
  <testcase name="Tc26_Task_User5_Login" time="32.694" classname="Script.ApproveAndForwardWF"/>
  <testcase name="Tc27_User5_ApproveAndEnd_Wf" time="26.65" classname="Script.ApproveAndForwardWF"/>
  <testcase name="Tc28_User_5_OTP_Validation" time="20.125" classname="Script.ApproveAndForwardWF"/>
  <testcase name="Tc29_User_5_EnterCommentAndApporveTheWorkflow" time="9.907" classname="Script.ApproveAndForwardWF"/>
  <testcase name="Tc30_TaskUser_5_LogouthePage" time="33.335" classname="Script.ApproveAndForwardWF"/>
  <testcase name="Tc31_Task_User6_Login" time="29.704" classname="Script.ApproveAndForwardWF"/>
  <testcase name="Tc32_User6_ApproveAndForward_Wf" time="29.282" classname="Script.ApproveAndForwardWF"/>
  <testcase name="Tc33_User_6_OTP_Validation" time="23.42" classname="Script.ApproveAndForwardWF"/>
  <testcase name="Tc34_User_6_EnterCommentAndSendDocumentToNextUser" time="13.994" classname="Script.ApproveAndForwardWF"/>
  <testcase name="Tc35_TaskUser_6_LogouthePage" time="32.513" classname="Script.ApproveAndForwardWF"/>
  <testcase name="Tc36_Task_User7_Login" time="32.115" classname="Script.ApproveAndForwardWF"/>
  <testcase name="Tc37_User7_ApproveAndForward_Wf" time="23.633" classname="Script.ApproveAndForwardWF"/>
  <testcase name="Tc38_User_7_OTP_Validation" time="21.89" classname="Script.ApproveAndForwardWF"/>
  <testcase name="Tc39_User_7_EnterCommentAndSendDocumentToNextUser" time="13.932" classname="Script.ApproveAndForwardWF"/>
  <testcase name="Tc40_TaskUser_7_LogouthePage" time="33.475" classname="Script.ApproveAndForwardWF"/>
  <testcase name="Tc41_Task_User8_Login" time="31.891" classname="Script.ApproveAndForwardWF"/>
  <testcase name="Tc42_User8_ApproveAndForward_Wf" time="21.804" classname="Script.ApproveAndForwardWF"/>
  <testcase name="Tc43_User_8_OTP_Validation" time="19.522" classname="Script.ApproveAndForwardWF"/>
  <testcase name="Tc44_User_8_EnterCommentAndSendDocumentToNextUser" time="13.943" classname="Script.ApproveAndForwardWF"/>
  <testcase name="Tc45_TaskUser_8_LogouthePage" time="33.002" classname="Script.ApproveAndForwardWF"/>
  <testcase name="Tc46_Task_User9_Login" time="27.306" classname="Script.ApproveAndForwardWF"/>
  <testcase name="Tc47_User9_ApproveAndForward_Wf" time="21.715" classname="Script.ApproveAndForwardWF"/>
  <testcase name="Tc48_User_9_OTP_Validation" time="20.106" classname="Script.ApproveAndForwardWF"/>
  <testcase name="Tc49_User_9_EnterCommentAndSendDocumentToNextUser" time="13.989" classname="Script.ApproveAndForwardWF"/>
  <testcase name="Tc50_TaskUser_9_LogouthePage" time="32.563" classname="Script.ApproveAndForwardWF"/>
  <testcase name="Tc51_Task_User10_Login" time="27.142" classname="Script.ApproveAndForwardWF"/>
  <testcase name="Tc52_User10_ApproveAndEnd_Wf" time="53.008" classname="Script.ApproveAndForwardWF"/>
  <testcase name="Tc53_User_10_OTP_Validation" time="13.664" classname="Script.ApproveAndForwardWF"/>
  <testcase name="Tc54_User_10_EnterCommentAndEndTheWF" time="13.982" classname="Script.ApproveAndForwardWF"/>
</testsuite> <!-- Test2 -->
